/COM,ANSYS RELEASE 15.0    UP20131014       17:26:21    06/12/2014

 *** ERROR ***                           CP =       1.373   TIME= 17:26:34
 An unexpected error ( SIG$BREAK ) has occurred...  ANSYS internal data  
 has been corrupted.  ANSYS is unable to recover and will terminate.     
 Previously saved files are unaffected.  Please send the data leading    
 to this operation to your technical support provider, as this will      
 allow ANSYS, Inc to improve the program.                                
/COM,ANSYS RELEASE 15.0    UP20131014       17:27:54    06/12/2014

 *** ERROR ***                           CP =       1.295   TIME= 17:28:11
 An unexpected error ( SIG$BREAK ) has occurred...  ANSYS internal data  
 has been corrupted.  ANSYS is unable to recover and will terminate.     
 Previously saved files are unaffected.  Please send the data leading    
 to this operation to your technical support provider, as this will      
 allow ANSYS, Inc to improve the program.                                
/COM,ANSYS RELEASE 15.0    UP20131014       19:48:34    06/12/2014

 *** ERROR ***                           CP =       1.310   TIME= 19:48:47
 An unexpected error ( SIG$BREAK ) has occurred...  ANSYS internal data  
 has been corrupted.  ANSYS is unable to recover and will terminate.     
 Previously saved files are unaffected.  Please send the data leading    
 to this operation to your technical support provider, as this will      
 allow ANSYS, Inc to improve the program.                                
/COM,ANSYS RELEASE 15.0    UP20131014       19:50:02    06/12/2014

 *** ERROR ***                           CP =       1.310   TIME= 19:51:49
 An unexpected error ( SIG$BREAK ) has occurred...  ANSYS internal data  
 has been corrupted.  ANSYS is unable to recover and will terminate.     
 Previously saved files are unaffected.  Please send the data leading    
 to this operation to your technical support provider, as this will      
 allow ANSYS, Inc to improve the program.                                
/COM,ANSYS RELEASE 15.0    UP20131014       19:53:32    06/12/2014

 *** ERROR ***                           CP =       1.248   TIME= 19:53:54
 An unexpected error ( SIG$BREAK ) has occurred...  ANSYS internal data  
 has been corrupted.  ANSYS is unable to recover and will terminate.     
 Previously saved files are unaffected.  Please send the data leading    
 to this operation to your technical support provider, as this will      
 allow ANSYS, Inc to improve the program.                                
/COM,ANSYS RELEASE 15.0    UP20131014       19:54:06    06/12/2014

 *** ERROR ***                           CP =       1.326   TIME= 19:54:43
 An unexpected error ( SIG$BREAK ) has occurred...  ANSYS internal data  
 has been corrupted.  ANSYS is unable to recover and will terminate.     
 Previously saved files are unaffected.  Please send the data leading    
 to this operation to your technical support provider, as this will      
 allow ANSYS, Inc to improve the program.                                
/COM,ANSYS RELEASE 15.0    UP20131014       19:54:53    06/12/2014

 *** ERROR ***                           CP =       1.295   TIME= 19:56:55
 An unexpected error ( SIG$BREAK ) has occurred...  ANSYS internal data  
 has been corrupted.  ANSYS is unable to recover and will terminate.     
 Previously saved files are unaffected.  Please send the data leading    
 to this operation to your technical support provider, as this will      
 allow ANSYS, Inc to improve the program.                                
/COM,ANSYS RELEASE 15.0    UP20131014       19:57:07    06/12/2014

 *** ERROR ***                           CP =       1.310   TIME= 20:01:04
 An unexpected error ( SIG$BREAK ) has occurred...  ANSYS internal data  
 has been corrupted.  ANSYS is unable to recover and will terminate.     
 Previously saved files are unaffected.  Please send the data leading    
 to this operation to your technical support provider, as this will      
 allow ANSYS, Inc to improve the program.                                
/COM,ANSYS RELEASE 15.0    UP20131014       20:01:23    06/12/2014

 *** ERROR ***                           CP =       1.295   TIME= 20:01:41
 An unexpected error ( SIG$BREAK ) has occurred...  ANSYS internal data  
 has been corrupted.  ANSYS is unable to recover and will terminate.     
 Previously saved files are unaffected.  Please send the data leading    
 to this operation to your technical support provider, as this will      
 allow ANSYS, Inc to improve the program.                                
/COM,ANSYS RELEASE 15.0    UP20131014       20:02:06    06/12/2014

 *** ERROR ***                           CP =       1.326   TIME= 20:02:31
 An unexpected error ( SIG$BREAK ) has occurred...  ANSYS internal data  
 has been corrupted.  ANSYS is unable to recover and will terminate.     
 Previously saved files are unaffected.  Please send the data leading    
 to this operation to your technical support provider, as this will      
 allow ANSYS, Inc to improve the program.                                
/COM,ANSYS RELEASE 15.0    UP20131014       20:03:33    06/12/2014

 *** ERROR ***                           CP =       1.326   TIME= 20:05:01
 An unexpected error ( SIG$BREAK ) has occurred...  ANSYS internal data  
 has been corrupted.  ANSYS is unable to recover and will terminate.     
 Previously saved files are unaffected.  Please send the data leading    
 to this operation to your technical support provider, as this will      
 allow ANSYS, Inc to improve the program.                                
/COM,ANSYS RELEASE 15.0    UP20131014       20:06:29    06/12/2014

 *** ERROR ***                           CP =       1.342   TIME= 20:06:39
 An unexpected error ( SIG$BREAK ) has occurred...  ANSYS internal data  
 has been corrupted.  ANSYS is unable to recover and will terminate.     
 Previously saved files are unaffected.  Please send the data leading    
 to this operation to your technical support provider, as this will      
 allow ANSYS, Inc to improve the program.                                
/COM,ANSYS RELEASE 15.0    UP20131014       20:07:26    06/12/2014

 *** ERROR ***                           CP =       1.310   TIME= 20:07:46
 An unexpected error ( SIG$BREAK ) has occurred...  ANSYS internal data  
 has been corrupted.  ANSYS is unable to recover and will terminate.     
 Previously saved files are unaffected.  Please send the data leading    
 to this operation to your technical support provider, as this will      
 allow ANSYS, Inc to improve the program.                                
/COM,ANSYS RELEASE 15.0    UP20131014       20:08:32    06/12/2014

 *** ERROR ***                           CP =       1.326   TIME= 20:09:00
 An unexpected error ( SIG$BREAK ) has occurred...  ANSYS internal data  
 has been corrupted.  ANSYS is unable to recover and will terminate.     
 Previously saved files are unaffected.  Please send the data leading    
 to this operation to your technical support provider, as this will      
 allow ANSYS, Inc to improve the program.                                
/COM,ANSYS RELEASE 15.0    UP20131014       20:09:09    06/12/2014

 *** ERROR ***                           CP =       1.310   TIME= 20:10:02
 An unexpected error ( SIG$BREAK ) has occurred...  ANSYS internal data  
 has been corrupted.  ANSYS is unable to recover and will terminate.     
 Previously saved files are unaffected.  Please send the data leading    
 to this operation to your technical support provider, as this will      
 allow ANSYS, Inc to improve the program.                                
/COM,ANSYS RELEASE 15.0    UP20131014       20:10:12    06/12/2014
/COM,ANSYS RELEASE 15.0    UP20131014       20:11:03    06/12/2014

 *** ERROR ***                           CP =       1.295   TIME= 20:15:03
 An unexpected error ( SIG$BREAK ) has occurred...  ANSYS internal data  
 has been corrupted.  ANSYS is unable to recover and will terminate.     
 Previously saved files are unaffected.  Please send the data leading    
 to this operation to your technical support provider, as this will      
 allow ANSYS, Inc to improve the program.                                
/COM,ANSYS RELEASE 15.0    UP20131014       11:47:13    06/13/2014

 *** ERROR ***                           CP =       1.326   TIME= 11:48:42
 An unexpected error ( SIG$BREAK ) has occurred...  ANSYS internal data  
 has been corrupted.  ANSYS is unable to recover and will terminate.     
 Previously saved files are unaffected.  Please send the data leading    
 to this operation to your technical support provider, as this will      
 allow ANSYS, Inc to improve the program.                                
/COM,ANSYS RELEASE 15.0    UP20131014       11:48:54    06/13/2014
/COM,ANSYS RELEASE 15.0    UP20131014       11:54:31    06/13/2014
